# JRE version: OpenJDK Runtime Environment Temurin-21.0.8+9 (21.0.8+9) (build 21.0.8+9-LTS)
# Java VM: OpenJDK 64-Bit Server VM Temurin-21.0.8+9 (21.0.8+9-LTS, mixed mode, sharing, tiered, compressed oops, compressed class ptrs, g1 gc, linux-amd64)
GC Precious Log:
 CardTable entry size: 512
 Card Set container configuration: InlinePtr #cards 4 size 8 Array Of Cards #cards 32 size 80 Howl #buckets 8 coarsen threshold 7372 Howl Bitmap #cards 1024 size 144 coarsen threshold 921 Card regions per heap region 1 cards per card region 8192
 CPUs: 8 total, 8 available
 Memory: 31723M
 Large Page Support: Disabled
 NUMA Support: Disabled
 Compressed Oops: Enabled (Zero based)
 Heap Region Size: 4M
 Heap Min Capacity: 8M
 Heap Initial Capacity: 496M
 Heap Max Capacity: 7932M
 Pre-touch: Disabled
 Parallel Workers: 8
 Concurrent Workers: 2
 Concurrent Refinement Workers: 8
 Periodic GC: Disabled
Heap:
 garbage-first heap   total 98304K, used 71945K [0x0000000610400000, 0x0000000800000000)
  region size 4096K, 13 young (53248K), 0 survivors (0K)
 Metaspace       used 80913K, committed 81664K, reserved 1179648K
  class space    used 10499K, committed 10816K, reserved 1048576K
GC Heap History (20 events):
Event: 8.032 GC heap before
{Heap before GC invocations=15 (full 0):
 garbage-first heap   total 81920K, used 58113K [0x0000000610400000, 0x0000000800000000)
  region size 4096K, 11 young (45056K), 2 survivors (8192K)
 Metaspace       used 59227K, committed 59776K, reserved 1114112K
  class space    used 7672K, committed 7936K, reserved 1048576K
}
Event: 8.039 GC heap after
{Heap after GC invocations=16 (full 0):
 garbage-first heap   total 294912K, used 26002K [0x0000000610400000, 0x0000000800000000)
  region size 4096K, 2 young (8192K), 2 survivors (8192K)
 Metaspace       used 59227K, committed 59776K, reserved 1114112K
  class space    used 7672K, committed 7936K, reserved 1048576K
}
Event: 8.115 GC heap before
{Heap before GC invocations=16 (full 0):
 garbage-first heap   total 294912K, used 30098K [0x0000000610400000, 0x0000000800000000)
  region size 4096K, 4 young (16384K), 2 survivors (8192K)
 Metaspace       used 59913K, committed 60416K, reserved 1114112K
  class space    used 7818K, committed 8064K, reserved 1048576K
}
Event: 8.122 GC heap after
{Heap after GC invocations=17 (full 0):
 garbage-first heap   total 294912K, used 26271K [0x0000000610400000, 0x0000000800000000)
  region size 4096K, 2 young (8192K), 2 survivors (8192K)
 Metaspace       used 59913K, committed 60416K, reserved 1114112K
  class space    used 7818K, committed 8064K, reserved 1048576K
}
Event: 8.967 GC heap before
{Heap before GC invocations=18 (full 0):
 garbage-first heap   total 110592K, used 83615K [0x0000000610400000, 0x0000000800000000)
  region size 4096K, 16 young (65536K), 2 survivors (8192K)
 Metaspace       used 65110K, committed 65728K, reserved 1114112K
  class space    used 8584K, committed 8832K, reserved 1048576K
}
Event: 8.978 GC heap after
{Heap after GC invocations=19 (full 0):
 garbage-first heap   total 110592K, used 27656K [0x0000000610400000, 0x0000000800000000)
  region size 4096K, 2 young (8192K), 2 survivors (8192K)
 Metaspace       used 65110K, committed 65728K, reserved 1114112K
  class space    used 8584K, committed 8832K, reserved 1048576K
}
Event: 10.135 GC heap before
{Heap before GC invocations=19 (full 0):
 garbage-first heap   total 110592K, used 85000K [0x0000000610400000, 0x0000000800000000)
  region size 4096K, 16 young (65536K), 2 survivors (8192K)
 Metaspace       used 69991K, committed 70656K, reserved 1114112K
  class space    used 9265K, committed 9536K, reserved 1048576K
}
Event: 10.147 GC heap after
{Heap after GC invocations=20 (full 0):
 garbage-first heap   total 110592K, used 30511K [0x0000000610400000, 0x0000000800000000)
  region size 4096K, 2 young (8192K), 2 survivors (8192K)
 Metaspace       used 69991K, committed 70656K, reserved 1114112K
  class space    used 9265K, committed 9536K, reserved 1048576K
}
Event: 20.056 GC heap before
{Heap before GC invocations=20 (full 0):
 garbage-first heap   total 110592K, used 83759K [0x0000000610400000, 0x0000000800000000)
  region size 4096K, 16 young (65536K), 2 survivors (8192K)
 Metaspace       used 75951K, committed 76608K, reserved 1179648K
  class space    used 10071K, committed 10368K, reserved 1048576K
}
Event: 20.078 GC heap after
{Heap after GC invocations=21 (full 0):
 garbage-first heap   total 110592K, used 31448K [0x0000000610400000, 0x0000000800000000)
  region size 4096K, 2 young (8192K), 2 survivors (8192K)
 Metaspace       used 75951K, committed 76608K, reserved 1179648K
  class space    used 10071K, committed 10368K, reserved 1048576K
}
Event: 175.998 GC heap before
{Heap before GC invocations=21 (full 0):
 garbage-first heap   total 110592K, used 56024K [0x0000000610400000, 0x0000000800000000)
  region size 4096K, 9 young (36864K), 2 survivors (8192K)
 Metaspace       used 78537K, committed 79232K, reserved 1179648K
  class space    used 10422K, committed 10752K, reserved 1048576K
}
Event: 176.232 GC heap after
{Heap after GC invocations=22 (full 1):
 garbage-first heap   total 98304K, used 26759K [0x0000000610400000, 0x0000000800000000)
  region size 4096K, 0 young (0K), 0 survivors (0K)
 Metaspace       used 78534K, committed 79232K, reserved 1179648K
  class space    used 10422K, committed 10752K, reserved 1048576K
}
Event: 177.534 GC heap before
{Heap before GC invocations=22 (full 1):
 garbage-first heap   total 98304K, used 84103K [0x0000000610400000, 0x0000000800000000)
  region size 4096K, 14 young (57344K), 0 survivors (0K)
 Metaspace       used 79428K, committed 80128K, reserved 1179648K
  class space    used 10451K, committed 10752K, reserved 1048576K
}
Event: 177.539 GC heap after
{Heap after GC invocations=23 (full 1):
 garbage-first heap   total 98304K, used 32378K [0x0000000610400000, 0x0000000800000000)
  region size 4096K, 2 young (8192K), 2 survivors (8192K)
 Metaspace       used 79428K, committed 80128K, reserved 1179648K
  class space    used 10451K, committed 10752K, reserved 1048576K
}
Event: 194.129 GC heap before
{Heap before GC invocations=24 (full 1):
 garbage-first heap   total 98304K, used 36474K [0x0000000610400000, 0x0000000800000000)
  region size 4096K, 4 young (16384K), 2 survivors (8192K)
 Metaspace       used 79505K, committed 80256K, reserved 1179648K
  class space    used 10453K, committed 10752K, reserved 1048576K
}
Event: 194.337 GC heap after
{Heap after GC invocations=25 (full 2):
 garbage-first heap   total 98304K, used 26676K [0x0000000610400000, 0x0000000800000000)
  region size 4096K, 0 young (0K), 0 survivors (0K)
 Metaspace       used 79499K, committed 80256K, reserved 1179648K
  class space    used 10452K, committed 10752K, reserved 1048576K
}
Event: 195.585 GC heap before
{Heap before GC invocations=25 (full 2):
 garbage-first heap   total 98304K, used 84020K [0x0000000610400000, 0x0000000800000000)
  region size 4096K, 14 young (57344K), 0 survivors (0K)
 Metaspace       used 80268K, committed 81024K, reserved 1179648K
  class space    used 10476K, committed 10816K, reserved 1048576K
}
Event: 195.592 GC heap after
{Heap after GC invocations=26 (full 2):
 garbage-first heap   total 98304K, used 32612K [0x0000000610400000, 0x0000000800000000)
  region size 4096K, 2 young (8192K), 2 survivors (8192K)
 Metaspace       used 80268K, committed 81024K, reserved 1179648K
  class space    used 10476K, committed 10816K, reserved 1048576K
}
Event: 199.131 GC heap before
{Heap before GC invocations=27 (full 2):
 garbage-first heap   total 98304K, used 36708K [0x0000000610400000, 0x0000000800000000)
  region size 4096K, 4 young (16384K), 2 survivors (8192K)
 Metaspace       used 80324K, committed 81088K, reserved 1179648K
  class space    used 10477K, committed 10816K, reserved 1048576K
}
Event: 199.222 GC heap after
{Heap after GC invocations=28 (full 3):
 garbage-first heap   total 98304K, used 26889K [0x0000000610400000, 0x0000000800000000)
  region size 4096K, 0 young (0K), 0 survivors (0K)
 Metaspace       used 80318K, committed 81088K, reserved 1179648K
  class space    used 10476K, committed 10816K, reserved 1048576K
}

